<?xml version="1.0" encoding="UTF-8"?>
<!-- Generated by org.testng.reporters.JUnitReportReporter -->
<testsuite hostname="tandl-10" name="com.sweety.testcases.VerifyLogin" tests="1" failures="0" timestamp="10 Aug 2015 12:54:03 GMT" time="17.309" errors="0">
  <testcase name="verifyLogin" time="17.309" classname="com.sweety.testcases.VerifyLogin"/>
</testsuite> <!-- com.sweety.testcases.VerifyLogin -->
