<?xml version="1.0" encoding="UTF-8"?>
<!-- Generated by org.testng.reporters.JUnitReportReporter -->
<testsuite hostname="tandl-10" name="com.sweety.testcases.VerifyLogin" tests="1" failures="0" timestamp="10 Aug 2015 13:58:02 GMT" time="15.926" errors="0">
  <testcase name="verifyLogin" time="15.926" classname="com.sweety.testcases.VerifyLogin"/>
</testsuite> <!-- com.sweety.testcases.VerifyLogin -->
